\BOOKMARK [0][-]{chapter*.2}{Abstract}{}% 1
\BOOKMARK [0][-]{chapter*.3}{Abbreviations\040and\040Notation}{}% 2
\BOOKMARK [0][-]{chapter.1}{Background}{}% 3
\BOOKMARK [1][-]{section.1.1}{Machine\040Learning\040in\040Parkinson's\040Disease}{chapter.1}% 4
\BOOKMARK [1][-]{section.1.2}{Feature\040Extraction\040and\040Signal\040Processing}{chapter.1}% 5
\BOOKMARK [2][-]{subsection.1.2.1}{General\040Signal\040Processing}{section.1.2}% 6
\BOOKMARK [2][-]{subsection.1.2.2}{Voice}{section.1.2}% 7
\BOOKMARK [2][-]{subsection.1.2.3}{Movement}{section.1.2}% 8
\BOOKMARK [2][-]{subsection.1.2.4}{EEG}{section.1.2}% 9
\BOOKMARK [2][-]{subsection.1.2.5}{Summary\040of\040Features}{section.1.2}% 10
\BOOKMARK [1][-]{section.1.3}{Machine\040Learning}{chapter.1}% 11
\BOOKMARK [2][-]{subsection.1.3.1}{Traditional}{section.1.3}% 12
\BOOKMARK [2][-]{subsection.1.3.2}{Artificial\040Neural\040Networks}{section.1.3}% 13
\BOOKMARK [2][-]{subsection.1.3.3}{Feature\040Selection\040and\040Dimensionality\040Reduction}{section.1.3}% 14
\BOOKMARK [2][-]{subsection.1.3.4}{Model\040Evaluation\040and\040Handling\040Overfitting}{section.1.3}% 15
\BOOKMARK [0][-]{chapter.2}{Our\040Work}{}% 16
\BOOKMARK [1][-]{section.2.1}{The\040mPower\040Dataset}{chapter.2}% 17
\BOOKMARK [2][-]{subsection.2.1.1}{Preprocessing\040and\040Feature\040Selection.}{section.2.1}% 18
\BOOKMARK [1][-]{section.2.2}{Replicating\040Past\040Work:\040Traditional\040Models}{chapter.2}% 19
\BOOKMARK [2][-]{subsection.2.2.1}{Vowel\040Phonation}{section.2.2}% 20
\BOOKMARK [2][-]{subsection.2.2.2}{Movement}{section.2.2}% 21
\BOOKMARK [2][-]{subsection.2.2.3}{Visualising\040Features}{section.2.2}% 22
\BOOKMARK [2][-]{subsection.2.2.4}{Limits\040of\040Traditional\040Machine\040Learning}{section.2.2}% 23
\BOOKMARK [1][-]{section.2.3}{Improving\040Results:\040Deep\040Neural\040Networks}{chapter.2}% 24
\BOOKMARK [1][-]{section.2.4}{Implementation}{chapter.2}% 25
\BOOKMARK [0][-]{chapter.3}{Summary}{}% 26
\BOOKMARK [1][-]{subsection.3.0.1}{Machine\040Learning}{chapter.3}% 27
